Removed Pin From Net: NetName=GND Pin=*-17
Removed Pin From Net: NetName=CHG_VBUS Pin=D7-1
Removed Pin From Net: NetName=VBAT Pin=Q1-
Removed Pin From Net: NetName=VBAT Pin=Q2-
Removed Pin From Net: NetName=PRIMARY_H Pin=Q3-
Removed Pin From Net: NetName=PRIMARY_L Pin=Q4-
Change Component Footprint: Designator=D7 Old Footprint=FP-SD0603-MFG New Footprint=STM-SMB_P_V
Change Component Comment : Designator=R16 Old Comment=2M New Comment=1M4
Change Component Comment : Designator=D7 Old Comment=SD0603S040S0R2 New Comment=STPS2L25U
Change Managed Component Library Link : Designator=D7 Old VaultGUID=B7D15EC3-160A-466F-A46C-7801FE6295A7 New VaultGUID=B7D15EC3-160A-466F-A46C-7801FE6295A7 Old ItemGUID=65411734-4F02-48E9-B428-608515F18E76 New ItemGUID=C5E0510F-FA6B-4110-96D6-5B77A077CC4B Old RevisionGUID=659E3C1E-387A-490B-9111-BA2456470FFE New RevisionGUID=DF177CE0-0040-4A7A-8C24-B7B6DC80225D
Change component parameters: Designator = "D7" ("D7"); Footprint = "FP-SD0603-MFG"; UniqueID = "\GQILFMRL" ("\GQILFMRL")
Change component parameters (AddParameter): Name = "Capacitance @ Vr, F"; Value = "-"; VariantName = "[No Variations]"
Change component parameters (AddParameter): Name = "Category"; Value = "DiscreteSemiconductorProducts"; VariantName = "[No Variations]"
Change component parameters (AddParameter): Name = "Current - Average Rectified (Io)"; Value = "2A"; VariantName = "[No Variations]"
Change component parameters (AddParameter): Name = "Current - Reverse Leakage @ Vr"; Value = "90µA@25V"; VariantName = "[No Variations]"
Change component parameters (AddParameter): Name = "Datasheet URL"; Value = "http://www.st.com/content/ccc/resource/technical/document/datasheet/f9/71/8b/51/48/04/4b/9b/CD00001325.pdf/files/CD00001325.pdf/jcr:content/translations/en.CD00001325.pdf"; VariantName = "[No Variations]"
Change component parameters (AddParameter): Name = "Datasheet Version"; Value = "02/2007"; VariantName = "[No Variations]"
Change component parameters (AddParameter): Name = "Diode Type"; Value = "Schottky"; VariantName = "[No Variations]"
Change component parameters (AddParameter): Name = "Family"; Value = "Diodes,Rectifiers-Single"; VariantName = "[No Variations]"
Change component parameters (AddParameter): Name = "Manufacturer"; Value = "STMicroelectronics"; VariantName = "[No Variations]"
Change component parameters (AddParameter): Name = "Manufacturer URL"; Value = "http://www.st.com/"; VariantName = "[No Variations]"
Change component parameters (AddParameter): Name = "Mounting Technology"; Value = "SurfaceMount"; VariantName = "[No Variations]"
Change component parameters (AddParameter): Name = "Mounting Type"; Value = "SurfaceMount"; VariantName = "[No Variations]"
Change component parameters (AddParameter): Name = "Online Catalog"; Value = "SchottkyDiode"; VariantName = "[No Variations]"
Change component parameters (AddParameter): Name = "Operating Temperature - Junction"; Value = "150°C(Max)"; VariantName = "[No Variations]"
Change component parameters (AddParameter): Name = "Other Names"; Value = "497-5573-6"; VariantName = "[No Variations]"
Change component parameters (AddParameter): Name = "Other Related Documents"; Value = "STPS2L25ViewAllSpecifications"; VariantName = "[No Variations]"
Change component parameters (AddParameter): Name = "Package / Case"; Value = "DO-214AA,SMB"; VariantName = "[No Variations]"
Change component parameters (AddParameter): Name = "Package Description"; Value = "2-Pin Surface Mount Device, Body 4.325 x 3.625 mm"; VariantName = "[No Variations]"
Change component parameters (AddParameter): Name = "Package Reference"; Value = "SMB_P"; VariantName = "[No Variations]"
Change component parameters (AddParameter): Name = "Package URL"; Value = "http://www.st.com/st-web-ui/static/active/en/resource/technical/document/datasheet/CD00279657.pdf"; VariantName = "[No Variations]"
Change component parameters (AddParameter): Name = "Packaging"; Value = "Digi-Reel®"; VariantName = "[No Variations]"
Change component parameters (AddParameter): Name = "Reverse Recovery Time (trr)"; Value = "-"; VariantName = "[No Variations]"
Change component parameters (AddParameter): Name = "Series"; Value = "-"; VariantName = "[No Variations]"
Change component parameters (AddParameter): Name = "Speed"; Value = "FastRecovery=200mA(Io)"; VariantName = "[No Variations]"
Change component parameters (AddParameter): Name = "Standard Package"; Value = "1"; VariantName = "[No Variations]"
Change component parameters (AddParameter): Name = "Supplier Device Package"; Value = "SMB"; VariantName = "[No Variations]"
Change component parameters (AddParameter): Name = "Voltage - DC Reverse (Vr) (Max)"; Value = "25V"; VariantName = "[No Variations]"
Change component parameters (AddParameter): Name = "Voltage - Forward (Vf) (Max) @ If"; Value = "450mV@2A"; VariantName = "[No Variations]"
Added Component: Designator=D4(FP-SMA-MFG)
Add component (AddParameter): Name = "Automotive"; Value = "No"; VariantName = "[No Variations]"
Add component (AddParameter): Name = "Breakdown Voltage"; Value = "6.4V"; VariantName = "[No Variations]"
Add component (AddParameter): Name = "Category"; Value = "Diode"; VariantName = "[No Variations]"
Add component (AddParameter): Name = "Clamping Voltage"; Value = "9.2V"; VariantName = "[No Variations]"
Add component (AddParameter): Name = "ComponentLink2Description"; Value = "Datasheet"; VariantName = "[No Variations]"
Add component (AddParameter): Name = "ComponentLink2URL"; Value = "https://www.st.com/resource/en/datasheet/smaj.pdf"; VariantName = "[No Variations]"
Add component (AddParameter): Name = "Device Class L1"; Value = "Circuit Protection"; VariantName = "[No Variations]"
Add component (AddParameter): Name = "Device Class L2"; Value = "TVS Diodes"; VariantName = "[No Variations]"
Add component (AddParameter): Name = "Device Class L3"; Value = "unset"; VariantName = "[No Variations]"
Add component (AddParameter): Name = "Digikey Description"; Value = "TVS DIODE 5V 13.4V SMA"; VariantName = "[No Variations]"
Add component (AddParameter): Name = "Direction"; Value = "Unidirectional"; VariantName = "[No Variations]"
Add component (AddParameter): Name = "Height"; Value = "2.65mm"; VariantName = "[No Variations]"
Add component (AddParameter): Name = "Lead Free"; Value = "Yes"; VariantName = "[No Variations]"
Add component (AddParameter): Name = "Manufacturer"; Value = "STMicroelectronics"; VariantName = "[No Variations]"
Add component (AddParameter): Name = "Manufacturer Part Number"; Value = "SMAJ5.0A-TR"; VariantName = "[No Variations]"
Add component (AddParameter): Name = "Max Junction Temp"; Value = "+150°C"; VariantName = "[No Variations]"
Add component (AddParameter): Name = "Mouser Description"; Value = "Transient Voltage Suppressor, TVS, Transil SMAJ Series, Unidirectional, 5 V, DO-214AC, 2, 6.4 V"; VariantName = "[No Variations]"
Add component (AddParameter): Name = "Number Of Channels"; Value = "1"; VariantName = "[No Variations]"
Add component (AddParameter): Name = "Octopart"; Value = "https://octopart.com/smaj5.0a-tr-stmicroelectronics-347063"; VariantName = "[No Variations]"
Add component (AddParameter): Name = "Package"; Value = "SMA"; VariantName = "[No Variations]"
Add component (AddParameter): Name = "Peak Pulse Current"; Value = "43.5A"; VariantName = "[No Variations]"
Add component (AddParameter): Name = "Peak Pulse Power"; Value = "400W"; VariantName = "[No Variations]"
Add component (AddParameter): Name = "Reverse Standoff Voltage"; Value = "5V"; VariantName = "[No Variations]"
Add component (AddParameter): Name = "RoHS"; Value = "TRUE"; VariantName = "[No Variations]"
Add component (AddParameter): Name = "Standoff Height"; Value = "0.05mm"; VariantName = "[No Variations]"
Add component (AddParameter): Name = "Temperature"; Value = "-55°C to +150°C"; VariantName = "[No Variations]"
Add component (AddParameter): Name = "Temperature Range High"; Value = "+150°C"; VariantName = "[No Variations]"
Add component (AddParameter): Name = "Temperature Range Low"; Value = "-55°C"; VariantName = "[No Variations]"
Added Pin To Net: NetName=VBUS Pin=D4-1
Added Pin To Net: NetName=GND Pin=D4-2
Added Pin To Net: NetName=CHG_VBUS Pin=D7-2
Added Pin To Net: NetName=NetD7_1 Pin=D7-1
Added Pin To Net: NetName=NetD7_1 Pin=L2-2
Added Pin To Net: NetName=NetD7_1 Pin=U5-1
Added Net: Name=NetD7_1
Added Member To Class: ClassName=STM32 Member=Component D4 SMAJ5.0A-TR
Added Member To Class: ClassName=Power Member=Component L2 IHLP2020CZER3R3M11
